[01m[K/home/idris/catkin_ws/src/aeplanner/rrtplanner/src/rrt.cpp:398:3:[m[K [01;31m[Kerror: [m[Kexpected unqualified-id before â€˜[01m[Kif[m[Kâ€™
   [01;31m[Kif[m[K (!ot_res)
   [01;31m[K^~[m[K
[01m[K/home/idris/catkin_ws/src/aeplanner/rrtplanner/src/rrt.cpp:401:3:[m[K [01;31m[Kerror: [m[Kexpected unqualified-id before â€˜[01m[Kfor[m[Kâ€™
   [01;31m[Kfor[m[K (octomap::OcTree::leaf_bbx_iterator it = ot->begin_leafs_bbx(min, max),
   [01;31m[K^~~[m[K
[01m[K/home/idris/catkin_ws/src/aeplanner/rrtplanner/src/rrt.cpp:403:8:[m[K [01;31m[Kerror: [m[Kâ€˜[01m[Kit[m[Kâ€™ does not name a type; did you mean â€˜[01m[Kint[m[Kâ€™?
        [01;31m[Kit[m[K != it_end; ++it)
        [01;31m[K^~[m[K
        [32m[Kint[m[K
[01m[K/home/idris/catkin_ws/src/aeplanner/rrtplanner/src/rrt.cpp:403:22:[m[K [01;31m[Kerror: [m[Kexpected unqualified-id before â€˜[01m[K++[m[Kâ€™ token
        it != it_end; [01;31m[K++[m[Kit)
                      [01;31m[K^~[m[K
[01m[K/home/idris/catkin_ws/src/aeplanner/rrtplanner/src/rrt.cpp:435:3:[m[K [01;31m[Kerror: [m[Kexpected unqualified-id before â€˜[01m[Kreturn[m[Kâ€™
   [01;31m[Kreturn[m[K false;
   [01;31m[K^~~~~~[m[K
[01m[K/home/idris/catkin_ws/src/aeplanner/rrtplanner/src/rrt.cpp:608:6:[m[K [01;31m[Kerror: [m[Kâ€˜[01m[KRrt[m[Kâ€™ has not been declared
 void [01;31m[KRrt[m[K::visualizeNode(geometry_msgs::Point pos, int id)
      [01;31m[K^~~[m[K
[01m[K/home/idris/catkin_ws/src/aeplanner/rrtplanner/src/rrt.cpp:[m[K In function â€˜[01m[Kvoid visualizeNode(geometry_msgs::Point, int)[m[Kâ€™:
[01m[K/home/idris/catkin_ws/src/aeplanner/rrtplanner/src/rrt.cpp:613:23:[m[K [01;31m[Kerror: [m[Kâ€˜[01m[Kframe_id_[m[Kâ€™ was not declared in this scope
   a.header.frame_id = [01;31m[Kframe_id_[m[K;
                       [01;31m[K^~~~~~~~~[m[K
[01m[K/home/idris/catkin_ws/src/aeplanner/rrtplanner/src/rrt.cpp:630:3:[m[K [01;31m[Kerror: [m[Kâ€˜[01m[Kpath_pub_[m[Kâ€™ was not declared in this scope
   [01;31m[Kpath_pub_[m[K.publish(a);
   [01;31m[K^~~~~~~~~[m[K
[01m[K/home/idris/catkin_ws/src/aeplanner/rrtplanner/src/rrt.cpp:[m[K At global scope:
[01m[K/home/idris/catkin_ws/src/aeplanner/rrtplanner/src/rrt.cpp:633:6:[m[K [01;31m[Kerror: [m[Kâ€˜[01m[KRrt[m[Kâ€™ has not been declared
 void [01;31m[KRrt[m[K::visualizePose(geometry_msgs::Pose pose, int id)
      [01;31m[K^~~[m[K
[01m[K/home/idris/catkin_ws/src/aeplanner/rrtplanner/src/rrt.cpp:[m[K In function â€˜[01m[Kvoid visualizePose(geometry_msgs::Pose, int)[m[Kâ€™:
[01m[K/home/idris/catkin_ws/src/aeplanner/rrtplanner/src/rrt.cpp:638:23:[m[K [01;31m[Kerror: [m[Kâ€˜[01m[Kframe_id_[m[Kâ€™ was not declared in this scope
   a.header.frame_id = [01;31m[Kframe_id_[m[K;
                       [01;31m[K^~~~~~~~~[m[K
[01m[K/home/idris/catkin_ws/src/aeplanner/rrtplanner/src/rrt.cpp:654:3:[m[K [01;31m[Kerror: [m[Kâ€˜[01m[Kpath_pub_[m[Kâ€™ was not declared in this scope
   [01;31m[Kpath_pub_[m[K.publish(a);
   [01;31m[K^~~~~~~~~[m[K
[01m[K/home/idris/catkin_ws/src/aeplanner/rrtplanner/src/rrt.cpp:[m[K At global scope:
[01m[K/home/idris/catkin_ws/src/aeplanner/rrtplanner/src/rrt.cpp:657:6:[m[K [01;31m[Kerror: [m[Kâ€˜[01m[KRrt[m[Kâ€™ has not been declared
 void [01;31m[KRrt[m[K::visualizeEdge(RrtNode* node, int id)
      [01;31m[K^~~[m[K
[01m[K/home/idris/catkin_ws/src/aeplanner/rrtplanner/src/rrt.cpp:657:25:[m[K [01;31m[Kerror: [m[Kvariable or field â€˜[01m[KvisualizeEdge[m[Kâ€™ declared void
 void Rrt::visualizeEdge([01;31m[KRrtNode[m[K* node, int id)
                         [01;31m[K^~~~~~~[m[K
[01m[K/home/idris/catkin_ws/src/aeplanner/rrtplanner/src/rrt.cpp:657:25:[m[K [01;31m[Kerror: [m[Kâ€˜[01m[KRrtNode[m[Kâ€™ was not declared in this scope
[01m[K/home/idris/catkin_ws/src/aeplanner/rrtplanner/src/rrt.cpp:657:25:[m[K [01;36m[Knote: [m[Ksuggested alternative:
In file included from [01m[K/home/idris/catkin_ws/src/aeplanner/rrtplanner/src/rrt.cpp:1:0[m[K:
[01m[K/home/idris/catkin_ws/src/aeplanner/rrtplanner/include/rrtplanner/rrt.h:21:8:[m[K [01;36m[Knote: [m[K  â€˜[01m[Kaeplanner_ns::RrtNode[m[Kâ€™
 struct [01;36m[KRrtNode[m[K
        [01;36m[K^~~~~~~[m[K
[01m[K/home/idris/catkin_ws/src/aeplanner/rrtplanner/src/rrt.cpp:657:34:[m[K [01;31m[Kerror: [m[Kâ€˜[01m[Knode[m[Kâ€™ was not declared in this scope
 void Rrt::visualizeEdge(RrtNode* [01;31m[Knode[m[K, int id)
                                  [01;31m[K^~~~[m[K
[01m[K/home/idris/catkin_ws/src/aeplanner/rrtplanner/src/rrt.cpp:657:34:[m[K [01;36m[Knote: [m[Ksuggested alternative: â€˜[01m[Knice[m[Kâ€™
 void Rrt::visualizeEdge(RrtNode* [01;36m[Knode[m[K, int id)
                                  [01;36m[K^~~~[m[K
                                  [32m[Knice[m[K
[01m[K/home/idris/catkin_ws/src/aeplanner/rrtplanner/src/rrt.cpp:657:40:[m[K [01;31m[Kerror: [m[Kexpected primary-expression before â€˜[01m[Kint[m[Kâ€™
 void Rrt::visualizeEdge(RrtNode* node, [01;31m[Kint[m[K id)
                                        [01;31m[K^~~[m[K
[01m[K/home/idris/catkin_ws/src/aeplanner/rrtplanner/src/rrt.cpp:694:6:[m[K [01;31m[Kerror: [m[Kâ€˜[01m[KRrt[m[Kâ€™ has not been declared
 void [01;31m[KRrt[m[K::visualizePath(RrtNode* node)
      [01;31m[K^~~[m[K
[01m[K/home/idris/catkin_ws/src/aeplanner/rrtplanner/src/rrt.cpp:694:25:[m[K [01;31m[Kerror: [m[Kvariable or field â€˜[01m[KvisualizePath[m[Kâ€™ declared void
 void Rrt::visualizePath([01;31m[KRrtNode[m[K* node)
                         [01;31m[K^~~~~~~[m[K
[01m[K/home/idris/catkin_ws/src/aeplanner/rrtplanner/src/rrt.cpp:694:25:[m[K [01;31m[Kerror: [m[Kâ€˜[01m[KRrtNode[m[Kâ€™ was not declared in this scope
[01m[K/home/idris/catkin_ws/src/aeplanner/rrtplanner/src/rrt.cpp:694:25:[m[K [01;36m[Knote: [m[Ksuggested alternative:
In file included from [01m[K/home/idris/catkin_ws/src/aeplanner/rrtplanner/src/rrt.cpp:1:0[m[K:
[01m[K/home/idris/catkin_ws/src/aeplanner/rrtplanner/include/rrtplanner/rrt.h:21:8:[m[K [01;36m[Knote: [m[K  â€˜[01m[Kaeplanner_ns::RrtNode[m[Kâ€™
 struct [01;36m[KRrtNode[m[K
        [01;36m[K^~~~~~~[m[K
[01m[K/home/idris/catkin_ws/src/aeplanner/rrtplanner/src/rrt.cpp:694:34:[m[K [01;31m[Kerror: [m[Kâ€˜[01m[Knode[m[Kâ€™ was not declared in this scope
 void Rrt::visualizePath(RrtNode* [01;31m[Knode[m[K)
                                  [01;31m[K^~~~[m[K
[01m[K/home/idris/catkin_ws/src/aeplanner/rrtplanner/src/rrt.cpp:694:34:[m[K [01;36m[Knote: [m[Ksuggested alternative: â€˜[01m[Knice[m[Kâ€™
 void Rrt::visualizePath(RrtNode* [01;36m[Knode[m[K)
                                  [01;36m[K^~~~[m[K
                                  [32m[Knice[m[K
[01m[K/home/idris/catkin_ws/src/aeplanner/rrtplanner/src/rrt.cpp:736:6:[m[K [01;31m[Kerror: [m[Kâ€˜[01m[KRrt[m[Kâ€™ has not been declared
 void [01;31m[KRrt[m[K::visualizeGoals(std::vector<geometry_msgs::Pose> goals)
      [01;31m[K^~~[m[K
[01m[K/home/idris/catkin_ws/src/aeplanner/rrtplanner/src/rrt.cpp:[m[K In function â€˜[01m[Kvoid visualizeGoals(std::vector<geometry_msgs::Pose_<std::allocator<void> > >)[m[Kâ€™:
[01m[K/home/idris/catkin_ws/src/aeplanner/rrtplanner/src/rrt.cpp:743:25:[m[K [01;31m[Kerror: [m[Kâ€˜[01m[Kframe_id_[m[Kâ€™ was not declared in this scope
     a.header.frame_id = [01;31m[Kframe_id_[m[K;
                         [01;31m[K^~~~~~~~~[m[K
[01m[K/home/idris/catkin_ws/src/aeplanner/rrtplanner/src/rrt.cpp:759:5:[m[K [01;31m[Kerror: [m[Kâ€˜[01m[Kpath_pub_[m[Kâ€™ was not declared in this scope
     [01;31m[Kpath_pub_[m[K.publish(a);
     [01;31m[K^~~~~~~~~[m[K
[01m[K/home/idris/catkin_ws/src/aeplanner/rrtplanner/src/rrt.cpp:[m[K At global scope:
[01m[K/home/idris/catkin_ws/src/aeplanner/rrtplanner/src/rrt.cpp:763:1:[m[K [01;31m[Kerror: [m[Kexpected declaration before â€˜[01m[K}[m[Kâ€™ token
 [01;31m[K}[m[K  // namespace aeplanner_ns
 [01;31m[K^[m[K
[01m[K/home/idris/catkin_ws/src/aeplanner/rrtplanner/src/rrt.cpp:398:3:[m[K [01;31m[Kerror: [m[Kexpected unqualified-id before â€˜[01m[Kif[m[Kâ€™
   [01;31m[Kif[m[K (!ot_res)
   [01;31m[K^~[m[K
[01m[K/home/idris/catkin_ws/src/aeplanner/rrtplanner/src/rrt.cpp:401:3:[m[K [01;31m[Kerror: [m[Kexpected unqualified-id before â€˜[01m[Kfor[m[Kâ€™
   [01;31m[Kfor[m[K (octomap::OcTree::leaf_bbx_iterator it = ot->begin_leafs_bbx(min, max),
   [01;31m[K^~~[m[K
[01m[K/home/idris/catkin_ws/src/aeplanner/rrtplanner/src/rrt.cpp:403:8:[m[K [01;31m[Kerror: [m[Kâ€˜[01m[Kit[m[Kâ€™ does not name a type; did you mean â€˜[01m[Kint[m[Kâ€™?
        [01;31m[Kit[m[K != it_end; ++it)
        [01;31m[K^~[m[K
        [32m[Kint[m[K
[01m[K/home/idris/catkin_ws/src/aeplanner/rrtplanner/src/rrt.cpp:403:22:[m[K [01;31m[Kerror: [m[Kexpected unqualified-id before â€˜[01m[K++[m[Kâ€™ token
        it != it_end; [01;31m[K++[m[Kit)
                      [01;31m[K^~[m[K
[01m[K/home/idris/catkin_ws/src/aeplanner/rrtplanner/src/rrt.cpp:435:3:[m[K [01;31m[Kerror: [m[Kexpected unqualified-id before â€˜[01m[Kreturn[m[Kâ€™
   [01;31m[Kreturn[m[K false;
   [01;31m[K^~~~~~[m[K
[01m[K/home/idris/catkin_ws/src/aeplanner/rrtplanner/src/rrt.cpp:608:6:[m[K [01;31m[Kerror: [m[Kâ€˜[01m[KRrt[m[Kâ€™ has not been declared
 void [01;31m[KRrt[m[K::visualizeNode(geometry_msgs::Point pos, int id)
      [01;31m[K^~~[m[K
[01m[K/home/idris/catkin_ws/src/aeplanner/rrtplanner/src/rrt.cpp:[m[K In function â€˜[01m[Kvoid visualizeNode(geometry_msgs::Point, int)[m[Kâ€™:
[01m[K/home/idris/catkin_ws/src/aeplanner/rrtplanner/src/rrt.cpp:613:23:[m[K [01;31m[Kerror: [m[Kâ€˜[01m[Kframe_id_[m[Kâ€™ was not declared in this scope
   a.header.frame_id = [01;31m[Kframe_id_[m[K;
                       [01;31m[K^~~~~~~~~[m[K
[01m[K/home/idris/catkin_ws/src/aeplanner/rrtplanner/src/rrt.cpp:630:3:[m[K [01;31m[Kerror: [m[Kâ€˜[01m[Kpath_pub_[m[Kâ€™ was not declared in this scope
   [01;31m[Kpath_pub_[m[K.publish(a);
   [01;31m[K^~~~~~~~~[m[K
[01m[K/home/idris/catkin_ws/src/aeplanner/rrtplanner/src/rrt.cpp:[m[K At global scope:
[01m[K/home/idris/catkin_ws/src/aeplanner/rrtplanner/src/rrt.cpp:633:6:[m[K [01;31m[Kerror: [m[Kâ€˜[01m[KRrt[m[Kâ€™ has not been declared
 void [01;31m[KRrt[m[K::visualizePose(geometry_msgs::Pose pose, int id)
      [01;31m[K^~~[m[K
[01m[K/home/idris/catkin_ws/src/aeplanner/rrtplanner/src/rrt.cpp:[m[K In function â€˜[01m[Kvoid visualizePose(geometry_msgs::Pose, int)[m[Kâ€™:
[01m[K/home/idris/catkin_ws/src/aeplanner/rrtplanner/src/rrt.cpp:638:23:[m[K [01;31m[Kerror: [m[Kâ€˜[01m[Kframe_id_[m[Kâ€™ was not declared in this scope
   a.header.frame_id = [01;31m[Kframe_id_[m[K;
                       [01;31m[K^~~~~~~~~[m[K
[01m[K/home/idris/catkin_ws/src/aeplanner/rrtplanner/src/rrt.cpp:654:3:[m[K [01;31m[Kerror: [m[Kâ€˜[01m[Kpath_pub_[m[Kâ€™ was not declared in this scope
   [01;31m[Kpath_pub_[m[K.publish(a);
   [01;31m[K^~~~~~~~~[m[K
[01m[K/home/idris/catkin_ws/src/aeplanner/rrtplanner/src/rrt.cpp:[m[K At global scope:
[01m[K/home/idris/catkin_ws/src/aeplanner/rrtplanner/src/rrt.cpp:657:6:[m[K [01;31m[Kerror: [m[Kâ€˜[01m[KRrt[m[Kâ€™ has not been declared
 void [01;31m[KRrt[m[K::visualizeEdge(RrtNode* node, int id)
      [01;31m[K^~~[m[K
[01m[K/home/idris/catkin_ws/src/aeplanner/rrtplanner/src/rrt.cpp:657:25:[m[K [01;31m[Kerror: [m[Kvariable or field â€˜[01m[KvisualizeEdge[m[Kâ€™ declared void
 void Rrt::visualizeEdge([01;31m[KRrtNode[m[K* node, int id)
                         [01;31m[K^~~~~~~[m[K
[01m[K/home/idris/catkin_ws/src/aeplanner/rrtplanner/src/rrt.cpp:657:25:[m[K [01;31m[Kerror: [m[Kâ€˜[01m[KRrtNode[m[Kâ€™ was not declared in this scope
[01m[K/home/idris/catkin_ws/src/aeplanner/rrtplanner/src/rrt.cpp:657:25:[m[K [01;36m[Knote: [m[Ksuggested alternative:
In file included from [01m[K/home/idris/catkin_ws/src/aeplanner/rrtplanner/src/rrt.cpp:1:0[m[K:
[01m[K/home/idris/catkin_ws/src/aeplanner/rrtplanner/include/rrtplanner/rrt.h:21:8:[m[K [01;36m[Knote: [m[K  â€˜[01m[Kaeplanner_ns::RrtNode[m[Kâ€™
 struct [01;36m[KRrtNode[m[K
        [01;36m[K^~~~~~~[m[K
[01m[K/home/idris/catkin_ws/src/aeplanner/rrtplanner/src/rrt.cpp:657:34:[m[K [01;31m[Kerror: [m[Kâ€˜[01m[Knode[m[Kâ€™ was not declared in this scope
 void Rrt::visualizeEdge(RrtNode* [01;31m[Knode[m[K, int id)
                                  [01;31m[K^~~~[m[K
[01m[K/home/idris/catkin_ws/src/aeplanner/rrtplanner/src/rrt.cpp:657:34:[m[K [01;36m[Knote: [m[Ksuggested alternative: â€˜[01m[Knice[m[Kâ€™
 void Rrt::visualizeEdge(RrtNode* [01;36m[Knode[m[K, int id)
                                  [01;36m[K^~~~[m[K
                                  [32m[Knice[m[K
[01m[K/home/idris/catkin_ws/src/aeplanner/rrtplanner/src/rrt.cpp:657:40:[m[K [01;31m[Kerror: [m[Kexpected primary-expression before â€˜[01m[Kint[m[Kâ€™
 void Rrt::visualizeEdge(RrtNode* node, [01;31m[Kint[m[K id)
                                        [01;31m[K^~~[m[K
[01m[K/home/idris/catkin_ws/src/aeplanner/rrtplanner/src/rrt.cpp:694:6:[m[K [01;31m[Kerror: [m[Kâ€˜[01m[KRrt[m[Kâ€™ has not been declared
 void [01;31m[KRrt[m[K::visualizePath(RrtNode* node)
      [01;31m[K^~~[m[K
[01m[K/home/idris/catkin_ws/src/aeplanner/rrtplanner/src/rrt.cpp:694:25:[m[K [01;31m[Kerror: [m[Kvariable or field â€˜[01m[KvisualizePath[m[Kâ€™ declared void
 void Rrt::visualizePath([01;31m[KRrtNode[m[K* node)
                         [01;31m[K^~~~~~~[m[K
[01m[K/home/idris/catkin_ws/src/aeplanner/rrtplanner/src/rrt.cpp:694:25:[m[K [01;31m[Kerror: [m[Kâ€˜[01m[KRrtNode[m[Kâ€™ was not declared in this scope
[01m[K/home/idris/catkin_ws/src/aeplanner/rrtplanner/src/rrt.cpp:694:25:[m[K [01;36m[Knote: [m[Ksuggested alternative:
In file included from [01m[K/home/idris/catkin_ws/src/aeplanner/rrtplanner/src/rrt.cpp:1:0[m[K:
[01m[K/home/idris/catkin_ws/src/aeplanner/rrtplanner/include/rrtplanner/rrt.h:21:8:[m[K [01;36m[Knote: [m[K  â€˜[01m[Kaeplanner_ns::RrtNode[m[Kâ€™
 struct [01;36m[KRrtNode[m[K
        [01;36m[K^~~~~~~[m[K
[01m[K/home/idris/catkin_ws/src/aeplanner/rrtplanner/src/rrt.cpp:694:34:[m[K [01;31m[Kerror: [m[Kâ€˜[01m[Knode[m[Kâ€™ was not declared in this scope
 void Rrt::visualizePath(RrtNode* [01;31m[Knode[m[K)
                                  [01;31m[K^~~~[m[K
[01m[K/home/idris/catkin_ws/src/aeplanner/rrtplanner/src/rrt.cpp:694:34:[m[K [01;36m[Knote: [m[Ksuggested alternative: â€˜[01m[Knice[m[Kâ€™
 void Rrt::visualizePath(RrtNode* [01;36m[Knode[m[K)
                                  [01;36m[K^~~~[m[K
                                  [32m[Knice[m[K
[01m[K/home/idris/catkin_ws/src/aeplanner/rrtplanner/src/rrt.cpp:736:6:[m[K [01;31m[Kerror: [m[Kâ€˜[01m[KRrt[m[Kâ€™ has not been declared
 void [01;31m[KRrt[m[K::visualizeGoals(std::vector<geometry_msgs::Pose> goals)
      [01;31m[K^~~[m[K
[01m[K/home/idris/catkin_ws/src/aeplanner/rrtplanner/src/rrt.cpp:[m[K In function â€˜[01m[Kvoid visualizeGoals(std::vector<geometry_msgs::Pose_<std::allocator<void> > >)[m[Kâ€™:
[01m[K/home/idris/catkin_ws/src/aeplanner/rrtplanner/src/rrt.cpp:743:25:[m[K [01;31m[Kerror: [m[Kâ€˜[01m[Kframe_id_[m[Kâ€™ was not declared in this scope
     a.header.frame_id = [01;31m[Kframe_id_[m[K;
                         [01;31m[K^~~~~~~~~[m[K
[01m[K/home/idris/catkin_ws/src/aeplanner/rrtplanner/src/rrt.cpp:759:5:[m[K [01;31m[Kerror: [m[Kâ€˜[01m[Kpath_pub_[m[Kâ€™ was not declared in this scope
     [01;31m[Kpath_pub_[m[K.publish(a);
     [01;31m[K^~~~~~~~~[m[K
[01m[K/home/idris/catkin_ws/src/aeplanner/rrtplanner/src/rrt.cpp:[m[K At global scope:
[01m[K/home/idris/catkin_ws/src/aeplanner/rrtplanner/src/rrt.cpp:763:1:[m[K [01;31m[Kerror: [m[Kexpected declaration before â€˜[01m[K}[m[Kâ€™ token
 [01;31m[K}[m[K  // namespace aeplanner_ns
 [01;31m[K^[m[K
make[2]: *** [CMakeFiles/rrtplanner.dir/src/rrt.cpp.o] Error 1
make[1]: *** [CMakeFiles/rrtplanner.dir/all] Error 2
make[1]: *** Waiting for unfinished jobs....
make[2]: *** [CMakeFiles/rrtplanner_node.dir/src/rrt.cpp.o] Error 1
make[1]: *** [CMakeFiles/rrtplanner_node.dir/all] Error 2
make: *** [all] Error 2
