[01m[K/home/idris/catkin_ws/src/aeplanner/aeplanner/src/aeplanner.cpp:[m[K In member function â€˜[01m[Kstd::pair<double, double> aeplanner::AEPlanner::getGain(aeplanner::RRTNode*)[m[Kâ€™:
[01m[K/home/idris/catkin_ws/src/aeplanner/aeplanner/src/aeplanner.cpp:396:35:[m[K [01;31m[Kerror: [m[Kâ€˜[01m[Kbattery_perc[m[Kâ€™ was not declared in this scope
       double battery_percentage = [01;31m[Kbattery_perc[m[K;
                                   [01;31m[K^~~~~~~~~~~~[m[K
[01m[K/home/idris/catkin_ws/src/aeplanner/aeplanner/src/aeplanner.cpp:396:35:[m[K [01;36m[Knote: [m[Ksuggested alternative: â€˜[01m[Kbattery_sub_[m[Kâ€™
       double battery_percentage = [01;36m[Kbattery_perc[m[K;
                                   [01;36m[K^~~~~~~~~~~~[m[K
                                   [32m[Kbattery_sub_[m[K
[01m[K/home/idris/catkin_ws/src/aeplanner/aeplanner/src/aeplanner.cpp:[m[K In member function â€˜[01m[Kstd::pair<double, double> aeplanner::AEPlanner::getGain(aeplanner::RRTNode*)[m[Kâ€™:
[01m[K/home/idris/catkin_ws/src/aeplanner/aeplanner/src/aeplanner.cpp:396:35:[m[K [01;31m[Kerror: [m[Kâ€˜[01m[Kbattery_perc[m[Kâ€™ was not declared in this scope
       double battery_percentage = [01;31m[Kbattery_perc[m[K;
                                   [01;31m[K^~~~~~~~~~~~[m[K
[01m[K/home/idris/catkin_ws/src/aeplanner/aeplanner/src/aeplanner.cpp:396:35:[m[K [01;36m[Knote: [m[Ksuggested alternative: â€˜[01m[Kbattery_sub_[m[Kâ€™
       double battery_percentage = [01;36m[Kbattery_perc[m[K;
                                   [01;36m[K^~~~~~~~~~~~[m[K
                                   [32m[Kbattery_sub_[m[K
make[2]: *** [CMakeFiles/aeplanner_node.dir/src/aeplanner.cpp.o] Error 1
make[1]: *** [CMakeFiles/aeplanner_node.dir/all] Error 2
make[1]: *** Waiting for unfinished jobs....
make[2]: *** [CMakeFiles/aeplanner.dir/src/aeplanner.cpp.o] Error 1
make[1]: *** [CMakeFiles/aeplanner.dir/all] Error 2
make: *** [all] Error 2
