[01m[K/home/idris/catkin_ws/src/aeplanner/aeplanner/src/aeplanner.cpp:[m[K In member function â€˜[01m[KEigen::Vector4d aeplanner::AEPlanner::sampleNewPoint()[m[Kâ€™:
[01m[K/home/idris/catkin_ws/src/aeplanner/aeplanner/src/aeplanner.cpp:239:32:[m[K [01;31m[Kerror: [m[Kâ€˜[01m[Kp2[m[Kâ€™ was not declared in this scope
     double search_location_x = [01;31m[Kp2[m[K[0];
                                [01;31m[K^~[m[K
[01m[K/home/idris/catkin_ws/src/aeplanner/aeplanner/src/aeplanner.cpp:239:32:[m[K [01;36m[Knote: [m[Ksuggested alternative: â€˜[01m[Kdup2[m[Kâ€™
     double search_location_x = [01;36m[Kp2[m[K[0];
                                [01;36m[K^~[m[K
                                [32m[Kdup2[m[K
[01m[K/home/idris/catkin_ws/src/aeplanner/aeplanner/src/aeplanner.cpp:[m[K In member function â€˜[01m[KEigen::Vector4d aeplanner::AEPlanner::sampleNewPoint()[m[Kâ€™:
[01m[K/home/idris/catkin_ws/src/aeplanner/aeplanner/src/aeplanner.cpp:239:32:[m[K [01;31m[Kerror: [m[Kâ€˜[01m[Kp2[m[Kâ€™ was not declared in this scope
     double search_location_x = [01;31m[Kp2[m[K[0];
                                [01;31m[K^~[m[K
[01m[K/home/idris/catkin_ws/src/aeplanner/aeplanner/src/aeplanner.cpp:239:32:[m[K [01;36m[Knote: [m[Ksuggested alternative: â€˜[01m[Kdup2[m[Kâ€™
     double search_location_x = [01;36m[Kp2[m[K[0];
                                [01;36m[K^~[m[K
                                [32m[Kdup2[m[K
make[2]: *** [CMakeFiles/aeplanner.dir/src/aeplanner.cpp.o] Error 1
make[1]: *** [CMakeFiles/aeplanner.dir/all] Error 2
make[1]: *** Waiting for unfinished jobs....
make[2]: *** [CMakeFiles/aeplanner_node.dir/src/aeplanner.cpp.o] Error 1
make[1]: *** [CMakeFiles/aeplanner_node.dir/all] Error 2
make: *** [all] Error 2
