[01m[K/home/idris/catkin_ws/src/aeplanner/aeplanner/src/aeplanner.cpp:[m[K In member function â€˜[01m[Kvoid aeplanner::AEPlanner::expandRRT()[m[Kâ€™:
[01m[K/home/idris/catkin_ws/src/aeplanner/aeplanner/src/aeplanner.cpp:212:69:[m[K [01;31m[Kerror: [m[Kâ€˜[01m[Kwifi_sig[m[Kâ€™ was not declared in this scope
     } while (!isInsideBoundaries(new_node->state_) or !ot_result or [01;31m[Kwifi_sig[m[K<0.5 or
                                                                     [01;31m[K^~~~~~~~[m[K
[01m[K/home/idris/catkin_ws/src/aeplanner/aeplanner/src/aeplanner.cpp:212:69:[m[K [01;36m[Knote: [m[Ksuggested alternative: â€˜[01m[Kiseqsig[m[Kâ€™
     } while (!isInsideBoundaries(new_node->state_) or !ot_result or [01;36m[Kwifi_sig[m[K<0.5 or
                                                                     [01;36m[K^~~~~~~~[m[K
                                                                     [32m[Kiseqsig[m[K
[01m[K/home/idris/catkin_ws/src/aeplanner/aeplanner/src/aeplanner.cpp:[m[K In member function â€˜[01m[Kvoid aeplanner::AEPlanner::expandRRT()[m[Kâ€™:
[01m[K/home/idris/catkin_ws/src/aeplanner/aeplanner/src/aeplanner.cpp:212:69:[m[K [01;31m[Kerror: [m[Kâ€˜[01m[Kwifi_sig[m[Kâ€™ was not declared in this scope
     } while (!isInsideBoundaries(new_node->state_) or !ot_result or [01;31m[Kwifi_sig[m[K<0.5 or
                                                                     [01;31m[K^~~~~~~~[m[K
[01m[K/home/idris/catkin_ws/src/aeplanner/aeplanner/src/aeplanner.cpp:212:69:[m[K [01;36m[Knote: [m[Ksuggested alternative: â€˜[01m[Kiseqsig[m[Kâ€™
     } while (!isInsideBoundaries(new_node->state_) or !ot_result or [01;36m[Kwifi_sig[m[K<0.5 or
                                                                     [01;36m[K^~~~~~~~[m[K
                                                                     [32m[Kiseqsig[m[K
make[2]: *** [CMakeFiles/aeplanner_node.dir/src/aeplanner.cpp.o] Error 1
make[1]: *** [CMakeFiles/aeplanner_node.dir/all] Error 2
make[1]: *** Waiting for unfinished jobs....
make[2]: *** [CMakeFiles/aeplanner.dir/src/aeplanner.cpp.o] Error 1
make[1]: *** [CMakeFiles/aeplanner.dir/all] Error 2
make: *** [all] Error 2
