[01m[K/home/idris/catkin_ws/src/aeplanner/aeplanner/src/aeplanner.cpp:[m[K In member function â€˜[01m[Kvoid aeplanner::AEPlanner::wifiDistCallback(const PoseStamped&)[m[Kâ€™:
[01m[K/home/idris/catkin_ws/src/aeplanner/aeplanner/src/aeplanner.cpp:581:3:[m[K [01;31m[Kerror: [m[Kâ€˜[01m[Kwifi_sigma_x[m[Kâ€™ was not declared in this scope
   [01;31m[Kwifi_sigma_x[m[K = msg.pose.position.x;
   [01;31m[K^~~~~~~~~~~~[m[K
[01m[K/home/idris/catkin_ws/src/aeplanner/aeplanner/src/aeplanner.cpp:[m[K In member function â€˜[01m[Kvoid aeplanner::AEPlanner::wifiDistCallback(const PoseStamped&)[m[Kâ€™:
[01m[K/home/idris/catkin_ws/src/aeplanner/aeplanner/src/aeplanner.cpp:581:3:[m[K [01;31m[Kerror: [m[Kâ€˜[01m[Kwifi_sigma_x[m[Kâ€™ was not declared in this scope
   [01;31m[Kwifi_sigma_x[m[K = msg.pose.position.x;
   [01;31m[K^~~~~~~~~~~~[m[K
make[2]: *** [CMakeFiles/aeplanner_node.dir/src/aeplanner.cpp.o] Error 1
make[2]: *** [CMakeFiles/aeplanner.dir/src/aeplanner.cpp.o] Error 1
make[2]: *** Waiting for unfinished jobs....
make[2]: *** Waiting for unfinished jobs....
make[1]: *** [CMakeFiles/aeplanner_node.dir/all] Error 2
make[1]: *** Waiting for unfinished jobs....
make[1]: *** [CMakeFiles/aeplanner.dir/all] Error 2
make: *** [all] Error 2
