[  0%] Built target std_msgs_generate_messages_cpp
[  0%] Built target geometry_msgs_generate_messages_cpp
[  0%] Built target _aeplanner_generate_messages_check_deps_aeplannerActionGoal
[  0%] Built target _aeplanner_generate_messages_check_deps_aeplannerFeedback
[  0%] Built target actionlib_msgs_generate_messages_cpp
[  0%] Built target visualization_msgs_generate_messages_cpp
[  0%] Built target _aeplanner_generate_messages_check_deps_Node
[  0%] Built target _aeplanner_generate_messages_check_deps_Reevaluate
[  0%] Built target _aeplanner_generate_messages_check_deps_aeplannerActionFeedback
[  0%] Built target _aeplanner_generate_messages_check_deps_aeplannerResult
[  0%] Built target _aeplanner_generate_messages_check_deps_aeplannerGoal
[  0%] Built target _aeplanner_generate_messages_check_deps_aeplannerActionResult
[  0%] Built target _aeplanner_generate_messages_check_deps_aeplannerAction
[  0%] Built target geometry_msgs_generate_messages_lisp
[  0%] Built target std_msgs_generate_messages_lisp
[  0%] Built target actionlib_msgs_generate_messages_lisp
[  0%] Built target visualization_msgs_generate_messages_lisp
[  0%] Built target dynamic_reconfigure_generate_messages_nodejs
[  0%] Built target visualization_msgs_generate_messages_eus
[  0%] Built target geometry_msgs_generate_messages_py
[  0%] Built target std_msgs_generate_messages_nodejs
[  0%] Built target visualization_msgs_generate_messages_nodejs
[  0%] Built target sensor_msgs_generate_messages_cpp
[  0%] Built target tf_generate_messages_nodejs
[  0%] Built target sensor_msgs_generate_messages_lisp
[  0%] Built target actionlib_msgs_generate_messages_nodejs
[  0%] Built target roscpp_generate_messages_cpp
[  0%] Built target sensor_msgs_generate_messages_nodejs
[  0%] Built target actionlib_generate_messages_cpp
[  0%] Built target geometry_msgs_generate_messages_nodejs
[  0%] Built target roscpp_generate_messages_lisp
[  0%] Built target roscpp_generate_messages_nodejs
[  0%] Built target geometry_msgs_generate_messages_eus
[  0%] Built target std_msgs_generate_messages_py
[  0%] Built target roscpp_generate_messages_py
[  0%] Built target rosgraph_msgs_generate_messages_cpp
[  0%] Built target rosgraph_msgs_generate_messages_eus
[  0%] Built target rosgraph_msgs_generate_messages_lisp
[  0%] Built target dynamic_reconfigure_generate_messages_cpp
[  0%] Built target tf_generate_messages_py
[  0%] Built target sensor_msgs_generate_messages_py
[  0%] Built target rosgraph_msgs_generate_messages_nodejs
[  0%] Built target sensor_msgs_generate_messages_eus
[  0%] Built target actionlib_generate_messages_eus
[  0%] Built target actionlib_generate_messages_lisp
[  0%] Built target tf_generate_messages_cpp
[  0%] Built target actionlib_generate_messages_nodejs
[  0%] Built target tf_generate_messages_eus
[  0%] Built target roscpp_generate_messages_eus
[  0%] Built target rosgraph_msgs_generate_messages_py
[  0%] Built target actionlib_msgs_generate_messages_eus
[  0%] Built target pigain_generate_messages_nodejs
[  0%] Built target actionlib_msgs_generate_messages_py
[  0%] Built target tf2_msgs_generate_messages_cpp
[  0%] Built target tf2_msgs_generate_messages_eus
[  0%] Built target actionlib_generate_messages_py
[  0%] Built target tf2_msgs_generate_messages_py
[  0%] Built target tf2_msgs_generate_messages_nodejs
[  0%] Built target std_msgs_generate_messages_eus
[  0%] Built target pigain_generate_messages_cpp
[  0%] Built target tf_generate_messages_lisp
[  0%] Built target pigain_generate_messages_lisp
[  0%] Built target visualization_msgs_generate_messages_py
[  0%] Built target pigain_generate_messages_py
[  0%] Built target dynamic_reconfigure_generate_messages_eus
[  0%] Built target dynamic_reconfigure_generate_messages_lisp
[  0%] Built target tf2_msgs_generate_messages_lisp
[  0%] Built target dynamic_reconfigure_generate_messages_py
[  0%] Built target dynamic_reconfigure_gencfg
[  0%] Built target pigain_generate_messages_eus
[ 18%] Built target aeplanner_generate_messages_py
[ 34%] Built target aeplanner_generate_messages_cpp
[ 50%] Built target aeplanner_generate_messages_lisp
[ 65%] Built target aeplanner_generate_messages_nodejs
[ 82%] Built target aeplanner_generate_messages_eus
[ 82%] Built target aeplanner_generate_messages
[ 84%] [32mBuilding CXX object CMakeFiles/aeplanner.dir/src/aeplanner.cpp.o[0m
[ 86%] [32mBuilding CXX object CMakeFiles/aeplanner_node.dir/src/aeplanner.cpp.o[0m
[01m[K/home/idris/catkin_ws/src/aeplanner/aeplanner/src/aeplanner.cpp:[m[K In member function â€˜[01m[Kstd::pair<double, double> aeplanner::AEPlanner::getGain(aeplanner::RRTNode*)[m[Kâ€™:
[01m[K/home/idris/catkin_ws/src/aeplanner/aeplanner/src/aeplanner.cpp:397:7:[m[K [01;31m[Kerror: [m[Kexpected â€˜[01m[K,[m[Kâ€™ or â€˜[01m[K;[m[Kâ€™ before â€˜[01m[Kdouble[m[Kâ€™
       [01;31m[Kdouble[m[K curr_location_y = current_state_[1]
       [01;31m[K^~~~~~[m[K
[01m[K/home/idris/catkin_ws/src/aeplanner/aeplanner/src/aeplanner.cpp:406:80:[m[K [01;31m[Kerror: [m[Kâ€˜[01m[Kcurr_location_y[m[Kâ€™ was not declared in this scope
       double dist_home = sqrt((curr_location_x-x_my)*(curr_location_x-x_my) + ([01;31m[Kcurr_location_y[m[K-y_my)*(curr_location_y-y_my) + (curr_location_z-z_my)*(curr_location_z-z_my));
                                                                                [01;31m[K^~~~~~~~~~~~~~~[m[K
[01m[K/home/idris/catkin_ws/src/aeplanner/aeplanner/src/aeplanner.cpp:406:80:[m[K [01;36m[Knote: [m[Ksuggested alternative: â€˜[01m[Kcurr_location_x[m[Kâ€™
       double dist_home = sqrt((curr_location_x-x_my)*(curr_location_x-x_my) + ([01;36m[Kcurr_location_y[m[K-y_my)*(curr_location_y-y_my) + (curr_location_z-z_my)*(curr_location_z-z_my));
                                                                                [01;36m[K^~~~~~~~~~~~~~~[m[K
                                                                                [32m[Kcurr_location_x[m[K
[01m[K/home/idris/catkin_ws/src/aeplanner/aeplanner/src/aeplanner.cpp:406:128:[m[K [01;31m[Kerror: [m[Kâ€˜[01m[Kcurr_location_z[m[Kâ€™ was not declared in this scope
       double dist_home = sqrt((curr_location_x-x_my)*(curr_location_x-x_my) + (curr_location_y-y_my)*(curr_location_y-y_my) + ([01;31m[Kcurr_location_z[m[K-z_my)*(curr_location_z-z_my));
                                                                                                                                [01;31m[K^~~~~~~~~~~~~~~[m[K
[01m[K/home/idris/catkin_ws/src/aeplanner/aeplanner/src/aeplanner.cpp:406:128:[m[K [01;36m[Knote: [m[Ksuggested alternative: â€˜[01m[Kcurr_location_x[m[Kâ€™
       double dist_home = sqrt((curr_location_x-x_my)*(curr_location_x-x_my) + (curr_location_y-y_my)*(curr_location_y-y_my) + ([01;36m[Kcurr_location_z[m[K-z_my)*(curr_location_z-z_my));
                                                                                                                                [01;36m[K^~~~~~~~~~~~~~~[m[K
                                                                                                                                [32m[Kcurr_location_x[m[K
[01m[K/home/idris/catkin_ws/src/aeplanner/aeplanner/src/aeplanner.cpp:415:49:[m[K [01;31m[Kerror: [m[Kâ€˜[01m[Kbattery_percentage[m[Kâ€™ was not declared in this scope
       double gain2 =gain-dist_home*battery_gain/[01;31m[Kbattery_percentage[m[K;
                                                 [01;31m[K^~~~~~~~~~~~~~~~~~[m[K
[01m[K/home/idris/catkin_ws/src/aeplanner/aeplanner/src/aeplanner.cpp:415:49:[m[K [01;36m[Knote: [m[Ksuggested alternative: â€˜[01m[Kbattery_perc[m[Kâ€™
       double gain2 =gain-dist_home*battery_gain/[01;36m[Kbattery_percentage[m[K;
                                                 [01;36m[K^~~~~~~~~~~~~~~~~~[m[K
                                                 [32m[Kbattery_perc[m[K
[01m[K/home/idris/catkin_ws/src/aeplanner/aeplanner/src/aeplanner.cpp:[m[K In member function â€˜[01m[Kstd::pair<double, double> aeplanner::AEPlanner::getGain(aeplanner::RRTNode*)[m[Kâ€™:
[01m[K/home/idris/catkin_ws/src/aeplanner/aeplanner/src/aeplanner.cpp:397:7:[m[K [01;31m[Kerror: [m[Kexpected â€˜[01m[K,[m[Kâ€™ or â€˜[01m[K;[m[Kâ€™ before â€˜[01m[Kdouble[m[Kâ€™
       [01;31m[Kdouble[m[K curr_location_y = current_state_[1]
       [01;31m[K^~~~~~[m[K
[01m[K/home/idris/catkin_ws/src/aeplanner/aeplanner/src/aeplanner.cpp:406:80:[m[K [01;31m[Kerror: [m[Kâ€˜[01m[Kcurr_location_y[m[Kâ€™ was not declared in this scope
       double dist_home = sqrt((curr_location_x-x_my)*(curr_location_x-x_my) + ([01;31m[Kcurr_location_y[m[K-y_my)*(curr_location_y-y_my) + (curr_location_z-z_my)*(curr_location_z-z_my));
                                                                                [01;31m[K^~~~~~~~~~~~~~~[m[K
[01m[K/home/idris/catkin_ws/src/aeplanner/aeplanner/src/aeplanner.cpp:406:80:[m[K [01;36m[Knote: [m[Ksuggested alternative: â€˜[01m[Kcurr_location_x[m[Kâ€™
       double dist_home = sqrt((curr_location_x-x_my)*(curr_location_x-x_my) + ([01;36m[Kcurr_location_y[m[K-y_my)*(curr_location_y-y_my) + (curr_location_z-z_my)*(curr_location_z-z_my));
                                                                                [01;36m[K^~~~~~~~~~~~~~~[m[K
                                                                                [32m[Kcurr_location_x[m[K
[01m[K/home/idris/catkin_ws/src/aeplanner/aeplanner/src/aeplanner.cpp:406:128:[m[K [01;31m[Kerror: [m[Kâ€˜[01m[Kcurr_location_z[m[Kâ€™ was not declared in this scope
       double dist_home = sqrt((curr_location_x-x_my)*(curr_location_x-x_my) + (curr_location_y-y_my)*(curr_location_y-y_my) + ([01;31m[Kcurr_location_z[m[K-z_my)*(curr_location_z-z_my));
                                                                                                                                [01;31m[K^~~~~~~~~~~~~~~[m[K
[01m[K/home/idris/catkin_ws/src/aeplanner/aeplanner/src/aeplanner.cpp:406:128:[m[K [01;36m[Knote: [m[Ksuggested alternative: â€˜[01m[Kcurr_location_x[m[Kâ€™
       double dist_home = sqrt((curr_location_x-x_my)*(curr_location_x-x_my) + (curr_location_y-y_my)*(curr_location_y-y_my) + ([01;36m[Kcurr_location_z[m[K-z_my)*(curr_location_z-z_my));
                                                                                                                                [01;36m[K^~~~~~~~~~~~~~~[m[K
                                                                                                                                [32m[Kcurr_location_x[m[K
[01m[K/home/idris/catkin_ws/src/aeplanner/aeplanner/src/aeplanner.cpp:415:49:[m[K [01;31m[Kerror: [m[Kâ€˜[01m[Kbattery_percentage[m[Kâ€™ was not declared in this scope
       double gain2 =gain-dist_home*battery_gain/[01;31m[Kbattery_percentage[m[K;
                                                 [01;31m[K^~~~~~~~~~~~~~~~~~[m[K
[01m[K/home/idris/catkin_ws/src/aeplanner/aeplanner/src/aeplanner.cpp:415:49:[m[K [01;36m[Knote: [m[Ksuggested alternative: â€˜[01m[Kbattery_perc[m[Kâ€™
       double gain2 =gain-dist_home*battery_gain/[01;36m[Kbattery_percentage[m[K;
                                                 [01;36m[K^~~~~~~~~~~~~~~~~~[m[K
                                                 [32m[Kbattery_perc[m[K
CMakeFiles/aeplanner.dir/build.make:86: recipe for target 'CMakeFiles/aeplanner.dir/src/aeplanner.cpp.o' failed
make[2]: *** [CMakeFiles/aeplanner.dir/src/aeplanner.cpp.o] Error 1
CMakeFiles/Makefile2:132: recipe for target 'CMakeFiles/aeplanner.dir/all' failed
make[1]: *** [CMakeFiles/aeplanner.dir/all] Error 2
make[1]: *** Waiting for unfinished jobs....
CMakeFiles/aeplanner_node.dir/build.make:86: recipe for target 'CMakeFiles/aeplanner_node.dir/src/aeplanner.cpp.o' failed
make[2]: *** [CMakeFiles/aeplanner_node.dir/src/aeplanner.cpp.o] Error 1
CMakeFiles/Makefile2:1986: recipe for target 'CMakeFiles/aeplanner_node.dir/all' failed
make[1]: *** [CMakeFiles/aeplanner_node.dir/all] Error 2
Makefile:140: recipe for target 'all' failed
make: *** [all] Error 2
